<?xml version="1.0" encoding="UTF-8"?>
<testng-results skipped="0" failed="0" ignored="0" total="1" passed="1">
  <reporter-output>
  </reporter-output>
  <suite name="Default suite" duration-ms="9523" started-at="2020-09-29T03:02:53Z" finished-at="2020-09-29T03:03:03Z">
    <groups>
    </groups>
    <test name="Default test" duration-ms="9523" started-at="2020-09-29T03:02:53Z" finished-at="2020-09-29T03:03:03Z">
      <class name="Academy.LandingPage">
        <test-method status="PASS" signature="getBrowser()[pri:0, instance:Academy.LandingPage@59fa1d9b]" name="getBrowser" is-config="true" duration-ms="4917" started-at="2020-09-29T03:02:53Z" finished-at="2020-09-29T03:02:58Z">
          <reporter-output>
          </reporter-output>
        </test-method> <!-- getBrowser -->
        <test-method status="PASS" signature="getURL()[pri:0, instance:Academy.LandingPage@59fa1d9b]" name="getURL" duration-ms="4572" started-at="2020-09-29T03:02:58Z" finished-at="2020-09-29T03:03:03Z">
          <reporter-output>
          </reporter-output>
        </test-method> <!-- getURL -->
      </class> <!-- Academy.LandingPage -->
    </test> <!-- Default test -->
  </suite> <!-- Default suite -->
</testng-results>
